<?xml version="1.0" encoding="UTF-8"?>
<testng-results ignored="0" total="1" passed="1" failed="0" skipped="0">
  <reporter-output>
  </reporter-output>
  <suite started-at="2024-11-06T20:14:30 IST" name="Default suite" finished-at="2024-11-06T20:14:39 IST" duration-ms="9026">
    <groups>
    </groups>
    <test started-at="2024-11-06T20:14:30 IST" name="Default test" finished-at="2024-11-06T20:14:39 IST" duration-ms="9026">
      <class name="testpackage.saucedemotest">
        <test-method is-config="true" signature="bfrtest()[pri:0, instance:testpackage.saucedemotest@449a4f23]" started-at="2024-11-06T20:14:30 IST" name="bfrtest" finished-at="2024-11-06T20:14:33 IST" duration-ms="3272" status="PASS">
          <reporter-output>
          </reporter-output>
        </test-method> <!-- bfrtest -->
        <test-method signature="test()[pri:0, instance:testpackage.saucedemotest@449a4f23]" started-at="2024-11-06T20:14:33 IST" name="test" finished-at="2024-11-06T20:14:39 IST" duration-ms="5712" status="PASS">
          <reporter-output>
          </reporter-output>
        </test-method> <!-- test -->
      </class> <!-- testpackage.saucedemotest -->
    </test> <!-- Default test -->
  </suite> <!-- Default suite -->
</testng-results>
